0 info it worked if it ends with ok
1 verbose cli [ '/usr/local/Cellar/node/6.2.1/bin/node',
1 verbose cli   '/usr/local/bin/npm',
1 verbose cli   'install',
1 verbose cli   'pg' ]
2 info using npm@3.9.3
3 info using node@v6.2.1
4 silly loadCurrentTree Starting
5 silly install loadCurrentTree
6 silly install readLocalPackageData
7 silly fetchPackageMetaData pg@5.2.0
8 silly fetchNamedPackageData pg
9 silly mapToRegistry name pg
10 silly mapToRegistry using default registry
11 silly mapToRegistry registry https://registry.npmjs.org/
12 silly mapToRegistry data Result {
12 silly mapToRegistry   raw: 'pg',
12 silly mapToRegistry   scope: null,
12 silly mapToRegistry   name: 'pg',
12 silly mapToRegistry   rawSpec: '',
12 silly mapToRegistry   spec: 'latest',
12 silly mapToRegistry   type: 'tag' }
13 silly mapToRegistry uri https://registry.npmjs.org/pg
14 verbose request uri https://registry.npmjs.org/pg
15 verbose request no auth needed
16 info attempt registry request try #1 at 12:34:18 PM
17 verbose request id 0436b972909f9833
18 verbose etag W/"58358f9e-2a41f"
19 verbose lastModified Wed, 23 Nov 2016 12:46:22 GMT
20 http request GET https://registry.npmjs.org/pg
21 http 304 https://registry.npmjs.org/pg
22 verbose headers { date: 'Fri, 02 Dec 2016 18:34:19 GMT',
22 verbose headers   via: '1.1 varnish',
22 verbose headers   'cache-control': 'max-age=300',
22 verbose headers   etag: 'W/"58358f9e-2a41f"',
22 verbose headers   age: '42',
22 verbose headers   connection: 'keep-alive',
22 verbose headers   'x-served-by': 'cache-ord1743-ORD',
22 verbose headers   'x-cache': 'HIT',
22 verbose headers   'x-cache-hits': '1',
22 verbose headers   'x-timer': 'S1480703659.120793,VS0,VE0',
22 verbose headers   vary: 'Accept-Encoding' }
23 silly get cb [ 304,
23 silly get   { date: 'Fri, 02 Dec 2016 18:34:19 GMT',
23 silly get     via: '1.1 varnish',
23 silly get     'cache-control': 'max-age=300',
23 silly get     etag: 'W/"58358f9e-2a41f"',
23 silly get     age: '42',
23 silly get     connection: 'keep-alive',
23 silly get     'x-served-by': 'cache-ord1743-ORD',
23 silly get     'x-cache': 'HIT',
23 silly get     'x-cache-hits': '1',
23 silly get     'x-timer': 'S1480703659.120793,VS0,VE0',
23 silly get     vary: 'Accept-Encoding' } ]
24 verbose etag https://registry.npmjs.org/pg from cache
25 verbose get saving pg to /Users/jacobseibert/.npm/registry.npmjs.org/pg/.cache.json
26 verbose correctMkdir /Users/jacobseibert/.npm correctMkdir not in flight; initializing
27 silly fetchNamedPackageData No valid target from cache, forcing network
28 verbose request uri https://registry.npmjs.org/pg
29 verbose request no auth needed
30 info attempt registry request try #1 at 12:34:19 PM
31 http request GET https://registry.npmjs.org/pg
32 http 200 https://registry.npmjs.org/pg
33 verbose headers { server: 'nginx/1.10.1',
33 verbose headers   'content-type': 'application/json',
33 verbose headers   'last-modified': 'Wed, 23 Nov 2016 12:46:22 GMT',
33 verbose headers   etag: 'W/"58358f9e-2a41f"',
33 verbose headers   'content-encoding': 'gzip',
33 verbose headers   'cache-control': 'max-age=300',
33 verbose headers   'content-length': '18212',
33 verbose headers   'accept-ranges': 'bytes',
33 verbose headers   date: 'Fri, 02 Dec 2016 18:34:19 GMT',
33 verbose headers   via: '1.1 varnish',
33 verbose headers   age: '42',
33 verbose headers   connection: 'keep-alive',
33 verbose headers   'x-served-by': 'cache-ord1743-ORD',
33 verbose headers   'x-cache': 'HIT',
33 verbose headers   'x-cache-hits': '2',
33 verbose headers   'x-timer': 'S1480703659.201023,VS0,VE0',
33 verbose headers   vary: 'Accept-Encoding' }
34 silly get cb [ 200,
34 silly get   { server: 'nginx/1.10.1',
34 silly get     'content-type': 'application/json',
34 silly get     'last-modified': 'Wed, 23 Nov 2016 12:46:22 GMT',
34 silly get     etag: 'W/"58358f9e-2a41f"',
34 silly get     'content-encoding': 'gzip',
34 silly get     'cache-control': 'max-age=300',
34 silly get     'content-length': '18212',
34 silly get     'accept-ranges': 'bytes',
34 silly get     date: 'Fri, 02 Dec 2016 18:34:19 GMT',
34 silly get     via: '1.1 varnish',
34 silly get     age: '42',
34 silly get     connection: 'keep-alive',
34 silly get     'x-served-by': 'cache-ord1743-ORD',
34 silly get     'x-cache': 'HIT',
34 silly get     'x-cache-hits': '2',
34 silly get     'x-timer': 'S1480703659.201023,VS0,VE0',
34 silly get     vary: 'Accept-Encoding' } ]
35 verbose get saving pg to /Users/jacobseibert/.npm/registry.npmjs.org/pg/.cache.json
36 verbose correctMkdir /Users/jacobseibert/.npm correctMkdir not in flight; initializing
37 silly fetchPackageMetaData Error: No compatible version found: pg@5.2.0
37 silly fetchPackageMetaData Valid install targets:
37 silly fetchPackageMetaData 6.1.0, 6.0.4, 6.0.3, 6.0.2, 6.0.1, 6.0.0, 5.1.0, 5.0.0, 4.5.6, 4.5.5, 4.5.4, 4.5.3, 4.5.2, 4.5.1, 4.5.0, 4.4.6, 4.4.5, 4.4.4, 4.4.3, 4.4.2, 4.4.1, 4.4.0, 4.3.0, 4.2.0, 4.1.1, 4.1.0, 4.0.0, 4.0.0-beta2, 3.6.3, 3.6.2, 3.6.1, 3.6.0, 3.5.0, 3.4.5, 3.4.4, 3.4.3, 3.4.2, 3.4.1, 3.4.0, 3.3.0, 3.2.0, 3.1.0, 3.0.3, 3.0.2, 2.11.1, 2.11.0, 2.10.0, 2.9.0, 2.8.5, 2.8.4, 2.8.3, 2.8.2, 2.8.1, 2.8.0, 2.7.0, 2.6.2, 2.6.1, 2.6.0, 2.5.1, 2.5.0, 2.4.0, 2.3.1, 2.3.0, 2.2.0, 2.1.0, 2.0.0, 1.3.0, 1.2.0, 1.1.3, 1.1.2, 1.1.1, 1.1.0, 1.0.4, 1.0.3, 1.0.2, 1.0.1, 1.0.0, 0.15.1, 0.15.0, 0.14.1, 0.14.0, 0.13.3, 0.13.1, 0.13.0, 0.12.3, 0.12.1, 0.12.0, 0.11.3, 0.11.2, 0.11.1, 0.10.2, 0.10.0, 0.9.0, 0.8.8, 0.8.7, 0.8.6, 0.8.4, 0.8.3, 0.8.2, 0.8.1, 0.8.0, 0.7.2, 0.7.1, 0.7.0, 0.6.18, 0.6.17, 0.6.16, 0.6.15, 0.6.14, 0.6.13, 0.6.12, 0.6.11, 0.6.10, 0.6.9, 0.6.8, 0.6.7, 0.6.6, 0.6.5, 0.6.4, 0.6.3, 0.6.2, 0.6.1, 0.6.0, 0.5.8, 0.5.7, 0.5.6, 0.5.5, 0.5.4, 0.5.3, 0.5.2, 0.5.1, 0.5.0, 0.4.1
37 silly fetchPackageMetaData
37 silly fetchPackageMetaData     at pickVersionFromRegistryDocument (/usr/local/lib/node_modules/npm/lib/fetch-package-metadata.js:170:16)
37 silly fetchPackageMetaData     at /usr/local/lib/node_modules/npm/node_modules/iferr/index.js:13:50
37 silly fetchPackageMetaData     at /usr/local/lib/node_modules/npm/lib/utils/pulse-till-done.js:19:8
37 silly fetchPackageMetaData     at saved (/usr/local/lib/node_modules/npm/lib/cache/caching-client.js:174:7)
37 silly fetchPackageMetaData     at /usr/local/lib/node_modules/npm/node_modules/graceful-fs/polyfills.js:210:7
37 silly fetchPackageMetaData     at FSReqWrap.oncomplete (fs.js:117:15)
37 silly fetchPackageMetaData  error for pg@5.2.0 Error: No compatible version found: pg@5.2.0
37 silly fetchPackageMetaData Valid install targets:
37 silly fetchPackageMetaData 6.1.0, 6.0.4, 6.0.3, 6.0.2, 6.0.1, 6.0.0, 5.1.0, 5.0.0, 4.5.6, 4.5.5, 4.5.4, 4.5.3, 4.5.2, 4.5.1, 4.5.0, 4.4.6, 4.4.5, 4.4.4, 4.4.3, 4.4.2, 4.4.1, 4.4.0, 4.3.0, 4.2.0, 4.1.1, 4.1.0, 4.0.0, 4.0.0-beta2, 3.6.3, 3.6.2, 3.6.1, 3.6.0, 3.5.0, 3.4.5, 3.4.4, 3.4.3, 3.4.2, 3.4.1, 3.4.0, 3.3.0, 3.2.0, 3.1.0, 3.0.3, 3.0.2, 2.11.1, 2.11.0, 2.10.0, 2.9.0, 2.8.5, 2.8.4, 2.8.3, 2.8.2, 2.8.1, 2.8.0, 2.7.0, 2.6.2, 2.6.1, 2.6.0, 2.5.1, 2.5.0, 2.4.0, 2.3.1, 2.3.0, 2.2.0, 2.1.0, 2.0.0, 1.3.0, 1.2.0, 1.1.3, 1.1.2, 1.1.1, 1.1.0, 1.0.4, 1.0.3, 1.0.2, 1.0.1, 1.0.0, 0.15.1, 0.15.0, 0.14.1, 0.14.0, 0.13.3, 0.13.1, 0.13.0, 0.12.3, 0.12.1, 0.12.0, 0.11.3, 0.11.2, 0.11.1, 0.10.2, 0.10.0, 0.9.0, 0.8.8, 0.8.7, 0.8.6, 0.8.4, 0.8.3, 0.8.2, 0.8.1, 0.8.0, 0.7.2, 0.7.1, 0.7.0, 0.6.18, 0.6.17, 0.6.16, 0.6.15, 0.6.14, 0.6.13, 0.6.12, 0.6.11, 0.6.10, 0.6.9, 0.6.8, 0.6.7, 0.6.6, 0.6.5, 0.6.4, 0.6.3, 0.6.2, 0.6.1, 0.6.0, 0.5.8, 0.5.7, 0.5.6, 0.5.5, 0.5.4, 0.5.3, 0.5.2, 0.5.1, 0.5.0, 0.4.1
37 silly fetchPackageMetaData
37 silly fetchPackageMetaData     at pickVersionFromRegistryDocument (/usr/local/lib/node_modules/npm/lib/fetch-package-metadata.js:170:16)
37 silly fetchPackageMetaData     at /usr/local/lib/node_modules/npm/node_modules/iferr/index.js:13:50
37 silly fetchPackageMetaData     at /usr/local/lib/node_modules/npm/lib/utils/pulse-till-done.js:19:8
37 silly fetchPackageMetaData     at saved (/usr/local/lib/node_modules/npm/lib/cache/caching-client.js:174:7)
37 silly fetchPackageMetaData     at /usr/local/lib/node_modules/npm/node_modules/graceful-fs/polyfills.js:210:7
37 silly fetchPackageMetaData     at FSReqWrap.oncomplete (fs.js:117:15)
38 silly rollbackFailedOptional Starting
39 silly rollbackFailedOptional Finishing
40 silly runTopLevelLifecycles Starting
41 silly runTopLevelLifecycles Finishing
42 silly install printInstalled
43 verbose stack Error: No compatible version found: pg@5.2.0
43 verbose stack Valid install targets:
43 verbose stack 6.1.0, 6.0.4, 6.0.3, 6.0.2, 6.0.1, 6.0.0, 5.1.0, 5.0.0, 4.5.6, 4.5.5, 4.5.4, 4.5.3, 4.5.2, 4.5.1, 4.5.0, 4.4.6, 4.4.5, 4.4.4, 4.4.3, 4.4.2, 4.4.1, 4.4.0, 4.3.0, 4.2.0, 4.1.1, 4.1.0, 4.0.0, 4.0.0-beta2, 3.6.3, 3.6.2, 3.6.1, 3.6.0, 3.5.0, 3.4.5, 3.4.4, 3.4.3, 3.4.2, 3.4.1, 3.4.0, 3.3.0, 3.2.0, 3.1.0, 3.0.3, 3.0.2, 2.11.1, 2.11.0, 2.10.0, 2.9.0, 2.8.5, 2.8.4, 2.8.3, 2.8.2, 2.8.1, 2.8.0, 2.7.0, 2.6.2, 2.6.1, 2.6.0, 2.5.1, 2.5.0, 2.4.0, 2.3.1, 2.3.0, 2.2.0, 2.1.0, 2.0.0, 1.3.0, 1.2.0, 1.1.3, 1.1.2, 1.1.1, 1.1.0, 1.0.4, 1.0.3, 1.0.2, 1.0.1, 1.0.0, 0.15.1, 0.15.0, 0.14.1, 0.14.0, 0.13.3, 0.13.1, 0.13.0, 0.12.3, 0.12.1, 0.12.0, 0.11.3, 0.11.2, 0.11.1, 0.10.2, 0.10.0, 0.9.0, 0.8.8, 0.8.7, 0.8.6, 0.8.4, 0.8.3, 0.8.2, 0.8.1, 0.8.0, 0.7.2, 0.7.1, 0.7.0, 0.6.18, 0.6.17, 0.6.16, 0.6.15, 0.6.14, 0.6.13, 0.6.12, 0.6.11, 0.6.10, 0.6.9, 0.6.8, 0.6.7, 0.6.6, 0.6.5, 0.6.4, 0.6.3, 0.6.2, 0.6.1, 0.6.0, 0.5.8, 0.5.7, 0.5.6, 0.5.5, 0.5.4, 0.5.3, 0.5.2, 0.5.1, 0.5.0, 0.4.1
43 verbose stack
43 verbose stack     at pickVersionFromRegistryDocument (/usr/local/lib/node_modules/npm/lib/fetch-package-metadata.js:170:16)
43 verbose stack     at /usr/local/lib/node_modules/npm/node_modules/iferr/index.js:13:50
43 verbose stack     at /usr/local/lib/node_modules/npm/lib/utils/pulse-till-done.js:19:8
43 verbose stack     at saved (/usr/local/lib/node_modules/npm/lib/cache/caching-client.js:174:7)
43 verbose stack     at /usr/local/lib/node_modules/npm/node_modules/graceful-fs/polyfills.js:210:7
43 verbose stack     at FSReqWrap.oncomplete (fs.js:117:15)
44 verbose cwd /Users/jacobseibert/Desktop/restful-predictions
45 error Darwin 16.1.0
46 error argv "/usr/local/Cellar/node/6.2.1/bin/node" "/usr/local/bin/npm" "install" "pg"
47 error node v6.2.1
48 error npm  v3.9.3
49 error No compatible version found: pg@5.2.0
49 error Valid install targets:
49 error 6.1.0, 6.0.4, 6.0.3, 6.0.2, 6.0.1, 6.0.0, 5.1.0, 5.0.0, 4.5.6, 4.5.5, 4.5.4, 4.5.3, 4.5.2, 4.5.1, 4.5.0, 4.4.6, 4.4.5, 4.4.4, 4.4.3, 4.4.2, 4.4.1, 4.4.0, 4.3.0, 4.2.0, 4.1.1, 4.1.0, 4.0.0, 4.0.0-beta2, 3.6.3, 3.6.2, 3.6.1, 3.6.0, 3.5.0, 3.4.5, 3.4.4, 3.4.3, 3.4.2, 3.4.1, 3.4.0, 3.3.0, 3.2.0, 3.1.0, 3.0.3, 3.0.2, 2.11.1, 2.11.0, 2.10.0, 2.9.0, 2.8.5, 2.8.4, 2.8.3, 2.8.2, 2.8.1, 2.8.0, 2.7.0, 2.6.2, 2.6.1, 2.6.0, 2.5.1, 2.5.0, 2.4.0, 2.3.1, 2.3.0, 2.2.0, 2.1.0, 2.0.0, 1.3.0, 1.2.0, 1.1.3, 1.1.2, 1.1.1, 1.1.0, 1.0.4, 1.0.3, 1.0.2, 1.0.1, 1.0.0, 0.15.1, 0.15.0, 0.14.1, 0.14.0, 0.13.3, 0.13.1, 0.13.0, 0.12.3, 0.12.1, 0.12.0, 0.11.3, 0.11.2, 0.11.1, 0.10.2, 0.10.0, 0.9.0, 0.8.8, 0.8.7, 0.8.6, 0.8.4, 0.8.3, 0.8.2, 0.8.1, 0.8.0, 0.7.2, 0.7.1, 0.7.0, 0.6.18, 0.6.17, 0.6.16, 0.6.15, 0.6.14, 0.6.13, 0.6.12, 0.6.11, 0.6.10, 0.6.9, 0.6.8, 0.6.7, 0.6.6, 0.6.5, 0.6.4, 0.6.3, 0.6.2, 0.6.1, 0.6.0, 0.5.8, 0.5.7, 0.5.6, 0.5.5, 0.5.4, 0.5.3, 0.5.2, 0.5.1, 0.5.0, 0.4.1
50 error If you need help, you may report this error at:
50 error     <https://github.com/npm/npm/issues>
51 verbose exit [ 1, true ]
